<?xml version="1.0" encoding="UTF-8"?>
<!-- Generated by org.testng.reporters.JUnitReportReporter -->
<testsuite hostname="MacBookPro" failures="0" tests="5" name="testCases.TC003_LoginDDT" time="110.313" errors="0" timestamp="2024-12-26T19:59:34 GMT-04:00" skipped="0">
  <testcase classname="testCases.TC003_LoginDDT" name="loginDDT" time="15.133"/>
  <testcase classname="testCases.TC003_LoginDDT" name="loginDDT" time="26.898"/>
  <testcase classname="testCases.TC003_LoginDDT" name="loginDDT" time="15.024"/>
  <testcase classname="testCases.TC003_LoginDDT" name="loginDDT" time="26.646"/>
  <testcase classname="testCases.TC003_LoginDDT" name="loginDDT" time="26.612"/>
</testsuite> <!-- testCases.TC003_LoginDDT -->
