<?xml version="1.0" encoding="UTF-8"?>
<!-- Generated by org.testng.reporters.JUnitReportReporter -->
<testsuite hostname="MacBookPro" failures="0" tests="1" name="testCases.TC001_AccountRegistrationTest" time="4.831" errors="0" timestamp="2025-01-01T13:30:21 GMT-04:00" skipped="0">
  <testcase classname="testCases.TC001_AccountRegistrationTest" name="verifyRegistrationTest" time="4.831"/>
</testsuite> <!-- testCases.TC001_AccountRegistrationTest -->
