<?xml version="1.0" encoding="UTF-8"?>
<!-- Generated by org.testng.reporters.JUnitReportReporter -->
<testsuite hostname="BA:BC:99:AA:B7:AE" failures="0" tests="1" name="testBase.TC001_AccountRegistrationTest" time="10.788" errors="0" timestamp="2024-12-24T17:31:32 GMT-04:00" skipped="0">
  <testcase classname="testBase.TC001_AccountRegistrationTest" name="registrationTest" time="10.788"/>
</testsuite> <!-- testBase.TC001_AccountRegistrationTest -->
