<?xml version="1.0" encoding="UTF-8"?>
<!-- Generated by org.testng.reporters.JUnitReportReporter -->
<testsuite hostname="MacBookPro" failures="0" tests="1" name="testCases.TC002_LoginTest" time="10.358" errors="0" timestamp="2024-12-31T21:56:05 GMT-04:00" skipped="0">
  <testcase classname="testCases.TC002_LoginTest" name="verifyLogInTest" time="10.358"/>
</testsuite> <!-- testCases.TC002_LoginTest -->
