<?xml version="1.0" encoding="UTF-8"?>
<!-- Generated by org.testng.reporters.JUnitReportReporter -->
<testsuite hostname="MacBookPro" failures="0" tests="1" name="testCases.TC001_AccountRegistrationTest" time="5.078" errors="0" timestamp="2025-01-01T13:29:07 GMT-04:00" skipped="0">
  <testcase classname="testCases.TC001_AccountRegistrationTest" name="verifyRegistrationTest" time="5.078"/>
</testsuite> <!-- testCases.TC001_AccountRegistrationTest -->
